Traceback (most recent call last):
  File "/usr/local/lib/python3.9/dist-packages/jupyter_cache/executors/utils.py", line 58, in single_nb_execution
    executenb(
  File "/usr/local/lib/python3.9/dist-packages/nbclient/client.py", line 1204, in execute
    return NotebookClient(nb=nb, resources=resources, km=km, **kwargs).execute()
  File "/usr/local/lib/python3.9/dist-packages/nbclient/util.py", line 84, in wrapped
    return just_run(coro(*args, **kwargs))
  File "/usr/local/lib/python3.9/dist-packages/nbclient/util.py", line 62, in just_run
    return loop.run_until_complete(coro)
  File "/usr/lib/python3.9/asyncio/base_events.py", line 647, in run_until_complete
    return future.result()
  File "/usr/local/lib/python3.9/dist-packages/nbclient/client.py", line 663, in async_execute
    await self.async_execute_cell(
  File "/usr/local/lib/python3.9/dist-packages/nbclient/client.py", line 965, in async_execute_cell
    await self._check_raise_for_error(cell, cell_index, exec_reply)
  File "/usr/local/lib/python3.9/dist-packages/nbclient/client.py", line 862, in _check_raise_for_error
    raise CellExecutionError.from_cell_and_msg(cell, exec_reply_content)
nbclient.exceptions.CellExecutionError: An error occurred while executing the following cell:
------------------
X = df[['Umur', 'Jenis Kelamin', 'Status', 'Memiliki Anak', 'Pendidikan']].copy()
X['Jenis Kelamin'] = pd.Categorical(X['Jenis Kelamin']).codes
X['Status'] = pd.Categorical(X['Status']).codes
X['Memiliki Anak'] = pd.Categorical(X['Memiliki Anak']).codes
X['Pendidikan'] = pd.Categorical(X['Pendidikan'], categories=['SMA', 'D3', 'S1', 'S2', 'S3'], ordered=True).codes
------------------

[0;31m[0m
[0;31mNameError[0mTraceback (most recent call last)
[0;32m<ipython-input-2-62c0541de8bb>[0m in [0;36m<module>[0;34m[0m
[0;32m----> 1[0;31m [0mX[0m [0;34m=[0m [0mdf[0m[0;34m[[0m[0;34m[[0m[0;34m'Umur'[0m[0;34m,[0m [0;34m'Jenis Kelamin'[0m[0;34m,[0m [0;34m'Status'[0m[0;34m,[0m [0;34m'Memiliki Anak'[0m[0;34m,[0m [0;34m'Pendidikan'[0m[0;34m][0m[0;34m][0m[0;34m.[0m[0mcopy[0m[0;34m([0m[0;34m)[0m[0;34m[0m[0;34m[0m[0m
[0m[1;32m      2[0m [0mX[0m[0;34m[[0m[0;34m'Jenis Kelamin'[0m[0;34m][0m [0;34m=[0m [0mpd[0m[0;34m.[0m[0mCategorical[0m[0;34m([0m[0mX[0m[0;34m[[0m[0;34m'Jenis Kelamin'[0m[0;34m][0m[0;34m)[0m[0;34m.[0m[0mcodes[0m[0;34m[0m[0;34m[0m[0m
[1;32m      3[0m [0mX[0m[0;34m[[0m[0;34m'Status'[0m[0;34m][0m [0;34m=[0m [0mpd[0m[0;34m.[0m[0mCategorical[0m[0;34m([0m[0mX[0m[0;34m[[0m[0;34m'Status'[0m[0;34m][0m[0;34m)[0m[0;34m.[0m[0mcodes[0m[0;34m[0m[0;34m[0m[0m
[1;32m      4[0m [0mX[0m[0;34m[[0m[0;34m'Memiliki Anak'[0m[0;34m][0m [0;34m=[0m [0mpd[0m[0;34m.[0m[0mCategorical[0m[0;34m([0m[0mX[0m[0;34m[[0m[0;34m'Memiliki Anak'[0m[0;34m][0m[0;34m)[0m[0;34m.[0m[0mcodes[0m[0;34m[0m[0;34m[0m[0m
[1;32m      5[0m [0mX[0m[0;34m[[0m[0;34m'Pendidikan'[0m[0;34m][0m [0;34m=[0m [0mpd[0m[0;34m.[0m[0mCategorical[0m[0;34m([0m[0mX[0m[0;34m[[0m[0;34m'Pendidikan'[0m[0;34m][0m[0;34m,[0m [0mcategories[0m[0;34m=[0m[0;34m[[0m[0;34m'SMA'[0m[0;34m,[0m [0;34m'D3'[0m[0;34m,[0m [0;34m'S1'[0m[0;34m,[0m [0;34m'S2'[0m[0;34m,[0m [0;34m'S3'[0m[0;34m][0m[0;34m,[0m [0mordered[0m[0;34m=[0m[0;32mTrue[0m[0;34m)[0m[0;34m.[0m[0mcodes[0m[0;34m[0m[0;34m[0m[0m

[0;31mNameError[0m: name 'df' is not defined
NameError: name 'df' is not defined

